This is pdfTeX, Version 3.1415926-2.5-1.40.14 (TeX Live 2013/Debian) (format=pdflatex 2014.4.27)  8 MAY 2014 18:25
entering extended mode
 restricted \write18 enabled.
 %&-line parsing enabled.
**title_page_1.tex
(./title_page_1.tex
LaTeX2e <2011/06/27>
Babel <3.9h> and hyphenation patterns for 4 languages loaded.
(/usr/share/texlive/texmf-dist/tex/latex/base/report.cls
Document Class: report 2007/10/19 v1.4h Standard LaTeX document class
(/usr/share/texlive/texmf-dist/tex/latex/base/size12.clo
File: size12.clo 2007/10/19 v1.4h Standard LaTeX file (size option)
)
\c@part=\count79
\c@chapter=\count80
\c@section=\count81
\c@subsection=\count82
\c@subsubsection=\count83
\c@paragraph=\count84
\c@subparagraph=\count85
\c@figure=\count86
\c@table=\count87
\abovecaptionskip=\skip41
\belowcaptionskip=\skip42
\bibindent=\dimen102
)
(/usr/share/texlive/texmf-dist/tex/latex/graphics/graphicx.sty
Package: graphicx 1999/02/16 v1.0f Enhanced LaTeX Graphics (DPC,SPQR)

(/usr/share/texlive/texmf-dist/tex/latex/graphics/keyval.sty
Package: keyval 1999/03/16 v1.13 key=value parser (DPC)
\KV@toks@=\toks14
)
(/usr/share/texlive/texmf-dist/tex/latex/graphics/graphics.sty
Package: graphics 2009/02/05 v1.0o Standard LaTeX Graphics (DPC,SPQR)

(/usr/share/texlive/texmf-dist/tex/latex/graphics/trig.sty
Package: trig 1999/03/16 v1.09 sin cos tan (DPC)
)
(/usr/share/texlive/texmf-dist/tex/latex/latexconfig/graphics.cfg
File: graphics.cfg 2010/04/23 v1.9 graphics configuration of TeX Live
)
Package graphics Info: Driver file: pdftex.def on input line 91.

(/usr/share/texlive/texmf-dist/tex/latex/pdftex-def/pdftex.def
File: pdftex.def 2011/05/27 v0.06d Graphics/color for pdfTeX

(/usr/share/texlive/texmf-dist/tex/generic/oberdiek/infwarerr.sty
Package: infwarerr 2010/04/08 v1.3 Providing info/warning/error messages (HO)
)
(/usr/share/texlive/texmf-dist/tex/generic/oberdiek/ltxcmds.sty
Package: ltxcmds 2011/11/09 v1.22 LaTeX kernel commands for general use (HO)
)
\Gread@gobject=\count88
))
\Gin@req@height=\dimen103
\Gin@req@width=\dimen104
)
(/usr/share/texlive/texmf-dist/tex/latex/placeins/placeins.sty
Package: placeins 2005/04/18  v 2.2
)
(./title_page_1.aux

LaTeX Warning: Label `latexGuide' multiply defined.


LaTeX Warning: Label `latexMath' multiply defined.


LaTeX Warning: Label `latexMath' multiply defined.


LaTeX Warning: Label `latexMath' multiply defined.


LaTeX Warning: Label `latexMath' multiply defined.


LaTeX Warning: Label `latexMath' multiply defined.


LaTeX Warning: Label `latexMath' multiply defined.

)
\openout1 = `title_page_1.aux'.

LaTeX Font Info:    Checking defaults for OML/cmm/m/it on input line 37.
LaTeX Font Info:    ... okay on input line 37.
LaTeX Font Info:    Checking defaults for T1/cmr/m/n on input line 37.
LaTeX Font Info:    ... okay on input line 37.
LaTeX Font Info:    Checking defaults for OT1/cmr/m/n on input line 37.
LaTeX Font Info:    ... okay on input line 37.
LaTeX Font Info:    Checking defaults for OMS/cmsy/m/n on input line 37.
LaTeX Font Info:    ... okay on input line 37.
LaTeX Font Info:    Checking defaults for OMX/cmex/m/n on input line 37.
LaTeX Font Info:    ... okay on input line 37.
LaTeX Font Info:    Checking defaults for U/cmr/m/n on input line 37.
LaTeX Font Info:    ... okay on input line 37.
 (/usr/share/texlive/texmf-dist/tex/context/base/supp-pdf.mkii
[Loading MPS to PDF converter (version 2006.09.02).]
\scratchcounter=\count89
\scratchdimen=\dimen105
\scratchbox=\box26
\nofMPsegments=\count90
\nofMParguments=\count91
\everyMPshowfont=\toks15
\MPscratchCnt=\count92
\MPscratchDim=\dimen106
\MPnumerator=\count93
\makeMPintoPDFobject=\count94
\everyMPtoPDFconversion=\toks16
) (/usr/share/texlive/texmf-dist/tex/generic/oberdiek/pdftexcmds.sty
Package: pdftexcmds 2011/11/29 v0.20 Utility functions of pdfTeX for LuaTeX (HO
)

(/usr/share/texlive/texmf-dist/tex/generic/oberdiek/ifluatex.sty
Package: ifluatex 2010/03/01 v1.3 Provides the ifluatex switch (HO)
Package ifluatex Info: LuaTeX not detected.
)
(/usr/share/texlive/texmf-dist/tex/generic/oberdiek/ifpdf.sty
Package: ifpdf 2011/01/30 v2.3 Provides the ifpdf switch (HO)
Package ifpdf Info: pdfTeX in PDF mode is detected.
)
Package pdftexcmds Info: LuaTeX not detected.
Package pdftexcmds Info: \pdf@primitive is available.
Package pdftexcmds Info: \pdf@ifprimitive is available.
Package pdftexcmds Info: \pdfdraftmode found.
)
(/usr/share/texlive/texmf-dist/tex/latex/oberdiek/epstopdf-base.sty
Package: epstopdf-base 2010/02/09 v2.5 Base part for package epstopdf

(/usr/share/texlive/texmf-dist/tex/latex/oberdiek/grfext.sty
Package: grfext 2010/08/19 v1.1 Manage graphics extensions (HO)

(/usr/share/texlive/texmf-dist/tex/generic/oberdiek/kvdefinekeys.sty
Package: kvdefinekeys 2011/04/07 v1.3 Define keys (HO)
))
(/usr/share/texlive/texmf-dist/tex/latex/oberdiek/kvoptions.sty
Package: kvoptions 2011/06/30 v3.11 Key value format for package options (HO)

(/usr/share/texlive/texmf-dist/tex/generic/oberdiek/kvsetkeys.sty
Package: kvsetkeys 2012/04/25 v1.16 Key value parser (HO)

(/usr/share/texlive/texmf-dist/tex/generic/oberdiek/etexcmds.sty
Package: etexcmds 2011/02/16 v1.5 Avoid name clashes with e-TeX commands (HO)
Package etexcmds Info: Could not find \expanded.
(etexcmds)             That can mean that you are not using pdfTeX 1.50 or
(etexcmds)             that some package has redefined \expanded.
(etexcmds)             In the latter case, load this package earlier.
)))
Package grfext Info: Graphics extension search list:
(grfext)             [.png,.pdf,.jpg,.mps,.jpeg,.jbig2,.jb2,.PNG,.PDF,.JPG,.JPE
G,.JBIG2,.JB2,.eps]
(grfext)             \AppendGraphicsExtensions on input line 452.

(/usr/share/texlive/texmf-dist/tex/latex/latexconfig/epstopdf-sys.cfg
File: epstopdf-sys.cfg 2010/07/13 v1.3 Configuration of (r)epstopdf for TeX Liv
e
))
LaTeX Font Info:    External font `cmex10' loaded for size
(Font)              <12> on input line 75.
LaTeX Font Info:    External font `cmex10' loaded for size
(Font)              <8> on input line 75.
LaTeX Font Info:    External font `cmex10' loaded for size
(Font)              <6> on input line 75.

<nitc.jpg, id=1, 375.4025pt x 432.61626pt>
File: nitc.jpg Graphic file (type jpg)
 <use nitc.jpg>
Package pdftex.def Info: nitc.jpg used on input line 96.
(pdftex.def)             Requested size: 93.85039pt x 108.1538pt.
 [1

{/var/lib/texmf/fonts/map/pdftex/updmap/pdftex.map} <./nitc.jpg>] [1] [1


] (./title_page_1.toc
[1


])
\tf@toc=\write3
\openout3 = `title_page_1.toc'.

 [2]
Chapter 1.
[1

]
Chapter 2.

Underfull \hbox (badness 10000) in paragraph at lines 143--144

 []

LaTeX Font Info:    Try loading font information for OMS+cmr on input line 145.

(/usr/share/texlive/texmf-dist/tex/latex/base/omscmr.fd
File: omscmr.fd 1999/05/25 v2.5h Standard LaTeX font definitions
)
LaTeX Font Info:    Font shape `OMS/cmr/m/n' in size <12> not available
(Font)              Font shape `OMS/cmsy/m/n' tried instead on input line 145.
Missing character: There is no â in font cmr12!
Missing character: There is no € in font cmr12!
Missing character: There is no “ in font cmr12!
Missing character: There is no â in font cmr12!
Missing character: There is no € in font cmr12!
Missing character: There is no ™ in font cmr12!
Missing character: There is no â in font cmr12!
Missing character: There is no € in font cmr12!
Missing character: There is no ™ in font cmr12!
 [2


] [3]
Chapter 3.
<Diagram.jpg, id=35, 525.46312pt x 304.88907pt>
File: Diagram.jpg Graphic file (type jpg)
 <use Diagram.jpg>
Package pdftex.def Info: Diagram.jpg used on input line 157.
(pdftex.def)             Requested size: 367.82167pt x 213.42088pt.
 [4


 <./Diagram.jpg>]
Overfull \hbox (45.78577pt too wide) in paragraph at lines 167--168
\OT1/cmr/m/n/12 Dataset Col-lec-tion is an im-por-tant step in all ma-chine lea
rn-ing prob-lems.Preprocessing
 []

<featureselection.jpeg, id=39, 631.35875pt x 242.9075pt>
File: featureselection.jpeg Graphic file (type jpg)

<use featureselection.jpeg>
Package pdftex.def Info: featureselection.jpeg used on input line 177.
(pdftex.def)             Requested size: 347.24838pt x 133.59952pt.
 [5 <./featureselection.jpeg>]
Overfull \hbox (29.76636pt too wide) in paragraph at lines 194--197
\OT1/cmr/m/n/12 lows: [] 
 []


Underfull \hbox (badness 10000) in paragraph at lines 194--197

 []

[6] [7]
Chapter 4.
<data.jpeg, id=52, 660.4675pt x 334.24875pt>
File: data.jpeg Graphic file (type jpg)
 <use data.jpeg>
Package pdftex.def Info: data.jpeg used on input line 208.
(pdftex.def)             Requested size: 363.25824pt x 183.83737pt.
 [8


 <./data.jpeg>]
[9]
Underfull \hbox (badness 10000) in paragraph at lines 232--233

 []

[10

]
Chapter 5.
[11


]
Chapter 6.
[12

]
Underfull \hbox (badness 10000) in paragraph at lines 266--268
[]\OT1/cmr/m/n/12 Opinion Finder Project, Uni-ver-sity of Pitts-burg.
 []


Underfull \hbox (badness 10000) in paragraph at lines 277--279

 []

[13

] (./title_page_1.aux)

LaTeX Warning: There were multiply-defined labels.

 ) 
Here is how much of TeX's memory you used:
 1577 strings out of 494985
 22568 string characters out of 6180356
 77852 words of memory out of 5000000
 4786 multiletter control sequences out of 15000+600000
 10803 words of font info for 37 fonts, out of 8000000 for 9000
 36 hyphenation exceptions out of 8191
 38i,6n,23p,796b,221s stack positions out of 5000i,500n,10000p,200000b,80000s
</usr/share/texlive/texmf-dist/fonts/type1/public/amsfonts/cm/cmbx12.pfb></us
r/share/texlive/texmf-dist/fonts/type1/public/amsfonts/cm/cmcsc10.pfb></usr/sha
re/texlive/texmf-dist/fonts/type1/public/amsfonts/cm/cmmi12.pfb></usr/share/tex
live/texmf-dist/fonts/type1/public/amsfonts/cm/cmmi8.pfb></usr/share/texlive/te
xmf-dist/fonts/type1/public/amsfonts/cm/cmr12.pfb></usr/share/texlive/texmf-dis
t/fonts/type1/public/amsfonts/cm/cmr17.pfb></usr/share/texlive/texmf-dist/fonts
/type1/public/amsfonts/cm/cmr8.pfb></usr/share/texlive/texmf-dist/fonts/type1/p
ublic/amsfonts/cm/cmsy10.pfb></usr/share/texlive/texmf-dist/fonts/type1/public/
amsfonts/cm/cmti12.pfb>
Output written on title_page_1.pdf (18 pages, 242443 bytes).
PDF statistics:
 102 PDF objects out of 1000 (max. 8388607)
 68 compressed objects within 1 object stream
 0 named destinations out of 1000 (max. 500000)
 21 words of extra memory for PDF output out of 10000 (max. 10000000)

